0 info it worked if it ends with ok
1 verbose cli [ 'node', '/usr/local/bin/npm', 'install', 'fs', '-g' ]
2 info using npm@1.1.49
3 info using node@v0.8.7
4 verbose read json /usr/local/lib/package.json
5 verbose read json /usr/local/lib/package.json
6 verbose cache add [ 'fs', null ]
7 silly cache add name=undefined spec="fs" args=["fs",null]
8 verbose parsed url { pathname: 'fs', path: 'fs', href: 'fs' }
9 silly lockFile 3f4bb586-fs fs
10 verbose lock fs /Users/mpuckett/.npm/3f4bb586-fs.lock
11 silly lockFile 3f4bb586-fs fs
12 verbose addNamed [ 'fs', '' ]
13 verbose addNamed [ null, '' ]
14 silly lockFile a107b96b-fs fs@
15 verbose lock fs@ /Users/mpuckett/.npm/a107b96b-fs.lock
16 silly addNameRange { name: 'fs', range: '', hasData: false }
17 verbose url raw fs
18 verbose url resolving [ 'https://registry.npmjs.org/', './fs' ]
19 verbose url resolved https://registry.npmjs.org/fs
20 info retry registry request attempt 1 at 22:50:27
21 verbose etag "CEGOJKD1R3N1EPHL2Y376AOZK"
22 http GET https://registry.npmjs.org/fs
23 http 304 https://registry.npmjs.org/fs
24 silly registry.get cb [ 304,
24 silly registry.get   { server: 'CouchDB/1.2.0 (Erlang OTP/R15B)',
24 silly registry.get     etag: '"CEGOJKD1R3N1EPHL2Y376AOZK"',
24 silly registry.get     date: 'Fri, 28 Sep 2012 03:50:28 GMT',
24 silly registry.get     'content-length': '0' } ]
25 verbose etag fs from cache
26 silly addNameRange number 2 { name: 'fs', range: '', hasData: true }
27 silly addNameRange versions [ 'fs', [ '0.0.0' ] ]
28 verbose addNamed [ 'fs', '0.0.0' ]
29 verbose addNamed [ '0.0.0', '0.0.0' ]
30 silly lockFile 240a78cc-fs-0-0-0 fs@0.0.0
31 verbose lock fs@0.0.0 /Users/mpuckett/.npm/240a78cc-fs-0-0-0.lock
32 verbose read json /Users/mpuckett/.npm/fs/0.0.0/package/package.json
33 silly lockFile 240a78cc-fs-0-0-0 fs@0.0.0
34 silly lockFile a107b96b-fs fs@
35 silly resolved [ { name: 'fs',
35 silly resolved     version: '0.0.0',
35 silly resolved     description: 'hi',
35 silly resolved     main: 'index.js',
35 silly resolved     repository: '',
35 silly resolved     author: '',
35 silly resolved     license: 'BSD',
35 silly resolved     readme: 'hi\n',
35 silly resolved     _id: 'fs@0.0.0',
35 silly resolved     _from: 'fs' } ]
36 info install fs@0.0.0 into /usr/local/lib
37 info installOne fs@0.0.0
38 verbose from cache /Users/mpuckett/.npm/fs/0.0.0/package/package.json
39 info /usr/local/lib/node_modules/fs unbuild
40 verbose read json /usr/local/lib/node_modules/fs/package.json
41 verbose tar unpack /Users/mpuckett/.npm/fs/0.0.0/package.tgz
42 silly lockFile 5a55a49b-usr-local-lib-node-modules-fs /usr/local/lib/node_modules/fs
43 verbose lock /usr/local/lib/node_modules/fs /Users/mpuckett/.npm/5a55a49b-usr-local-lib-node-modules-fs.lock
44 silly gunzTarPerm modes [ '777', '666' ]
45 error Error: EACCES, mkdir '/usr/local/lib/node_modules/fs'
45 error  { [Error: EACCES, mkdir '/usr/local/lib/node_modules/fs']
45 error   errno: 3,
45 error   code: 'EACCES',
45 error   path: '/usr/local/lib/node_modules/fs',
45 error   fstream_type: 'Directory',
45 error   fstream_path: '/usr/local/lib/node_modules/fs',
45 error   fstream_class: 'DirWriter',
45 error   fstream_stack:
45 error    [ 'DirWriter._create (/usr/local/lib/node_modules/npm/node_modules/fstream/lib/dir-writer.js:36:23)',
45 error      '/usr/local/lib/node_modules/npm/node_modules/mkdirp/index.js:51:17',
45 error      'Object.oncomplete (fs.js:297:15)' ] }
46 error Please try running this command again as root/Administrator.
47 error System Darwin 11.4.2
48 error command "node" "/usr/local/bin/npm" "install" "fs" "-g"
49 error cwd /Users/mpuckett/Sites/iostudio-whiteboard
50 error node -v v0.8.7
51 error npm -v 1.1.49
52 error path /usr/local/lib/node_modules/fs
53 error fstream_path /usr/local/lib/node_modules/fs
54 error fstream_type Directory
55 error fstream_class DirWriter
56 error code EACCES
57 error errno 3
58 error stack Error: EACCES, mkdir '/usr/local/lib/node_modules/fs'
59 error fstream_stack DirWriter._create (/usr/local/lib/node_modules/npm/node_modules/fstream/lib/dir-writer.js:36:23)
59 error fstream_stack /usr/local/lib/node_modules/npm/node_modules/mkdirp/index.js:51:17
59 error fstream_stack Object.oncomplete (fs.js:297:15)
60 verbose exit [ 3, true ]
